{"numFailedTestSuites":0,"numFailedTests":0,"numPassedTestSuites":68,"numPassedTests":68,"numPendingTestSuites":0,"numPendingTests":0,"numRuntimeErrorTestSuites":0,"numTodoTests":0,"numTotalTestSuites":68,"numTotalTests":68,"openHandles":[],"snapshot":{"added":0,"didUpdate":true,"failure":false,"filesAdded":0,"filesRemoved":0,"filesRemovedList":[],"filesUnmatched":0,"filesUpdated":0,"matched":68,"total":68,"unchecked":0,"uncheckedKeysByFile":[],"unmatched":0,"updated":0},"startTime":1675298433052,"success":true,"testResults":[{"assertionResults":[{"ancestorTitles":["Dialog"],"duration":20,"failureDetails":[],"failureMessages":[],"fullName":"Dialog - should render","invocations":1,"location":null,"numPassingAsserts":1,"retryReasons":[],"status":"passed","title":"- should render"}],"endTime":1675298447378,"message":"","name":"/Volumes/Storage/Development/HyperConstruct/XREngine/packages/ui/src/Dialog/Dialog.test.tsx","startTime":1675298433447,"status":"passed","summary":""},{"assertionResults":[{"ancestorTitles":["RadioGroup"],"duration":7,"failureDetails":[],"failureMessages":[],"fullName":"RadioGroup - should render","invocations":1,"location":null,"numPassingAsserts":1,"retryReasons":[],"status":"passed","title":"- should render"}],"endTime":1675298447415,"message":"","name":"/Volumes/Storage/Development/HyperConstruct/XREngine/packages/ui/src/RadioGroup/RadioGroup.test.tsx","startTime":1675298433425,"status":"passed","summary":""},{"assertionResults":[{"ancestorTitles":["ListItemText"],"duration":7,"failureDetails":[],"failureMessages":[],"fullName":"ListItemText - should render","invocations":1,"location":null,"numPassingAsserts":1,"retryReasons":[],"status":"passed","title":"- should render"}],"endTime":1675298447425,"message":"","name":"/Volumes/Storage/Development/HyperConstruct/XREngine/packages/ui/src/ListItemText/ListItemText.test.tsx","startTime":1675298433527,"status":"passed","summary":""},{"assertionResults":[{"ancestorTitles":["ListItemSecondaryAction"],"duration":8,"failureDetails":[],"failureMessages":[],"fullName":"ListItemSecondaryAction - should render","invocations":1,"location":null,"numPassingAsserts":1,"retryReasons":[],"status":"passed","title":"- should render"}],"endTime":1675298447424,"message":"","name":"/Volumes/Storage/Development/HyperConstruct/XREngine/packages/ui/src/ListItemSecondaryAction/ListItemSecondaryAction.test.tsx","startTime":1675298433481,"status":"passed","summary":""},{"assertionResults":[{"ancestorTitles":["DialogActions"],"duration":9,"failureDetails":[],"failureMessages":[],"fullName":"DialogActions - should render","invocations":1,"location":null,"numPassingAsserts":1,"retryReasons":[],"status":"passed","title":"- should render"}],"endTime":1675298447465,"message":"","name":"/Volumes/Storage/Development/HyperConstruct/XREngine/packages/ui/src/DialogActions/DialogActions.test.tsx","startTime":1675298433450,"status":"passed","summary":""},{"assertionResults":[{"ancestorTitles":["Modal"],"duration":143,"failureDetails":[],"failureMessages":[],"fullName":"Modal - should render","invocations":1,"location":null,"numPassingAsserts":1,"retryReasons":[],"status":"passed","title":"- should render"}],"endTime":1675298447493,"message":"","name":"/Volumes/Storage/Development/HyperConstruct/XREngine/packages/ui/src/Modal/Modal.test.tsx","startTime":1675298433427,"status":"passed","summary":""},{"assertionResults":[{"ancestorTitles":["Popover"],"duration":148,"failureDetails":[],"failureMessages":[],"fullName":"Popover - should render","invocations":1,"location":null,"numPassingAsserts":1,"retryReasons":[],"status":"passed","title":"- should render"}],"endTime":1675298447524,"message":"","name":"/Volumes/Storage/Development/HyperConstruct/XREngine/packages/ui/src/Popover/Popover.test.tsx","startTime":1675298433427,"status":"passed","summary":""},{"assertionResults":[{"ancestorTitles":["CardMedia"],"duration":9,"failureDetails":[],"failureMessages":[],"fullName":"CardMedia - should render","invocations":1,"location":null,"numPassingAsserts":1,"retryReasons":[],"status":"passed","title":"- should render"}],"endTime":1675298447582,"message":"","name":"/Volumes/Storage/Development/HyperConstruct/XREngine/packages/ui/src/CardMedia/CardMedia.test.tsx","startTime":1675298433484,"status":"passed","summary":""},{"assertionResults":[{"ancestorTitles":["Checkbox"],"duration":9,"failureDetails":[],"failureMessages":[],"fullName":"Checkbox - should render","invocations":1,"location":null,"numPassingAsserts":1,"retryReasons":[],"status":"passed","title":"- should render"}],"endTime":1675298449008,"message":"","name":"/Volumes/Storage/Development/HyperConstruct/XREngine/packages/ui/src/Checkbox/Checkbox.test.tsx","startTime":1675298447391,"status":"passed","summary":""},{"assertionResults":[{"ancestorTitles":["ListItemAvatar"],"duration":15,"failureDetails":[],"failureMessages":[],"fullName":"ListItemAvatar - should render","invocations":1,"location":null,"numPassingAsserts":1,"retryReasons":[],"status":"passed","title":"- should render"}],"endTime":1675298449045,"message":"","name":"/Volumes/Storage/Development/HyperConstruct/XREngine/packages/ui/src/ListItemAvatar/ListItemAvatar.test.tsx","startTime":1675298447438,"status":"passed","summary":""},{"assertionResults":[{"ancestorTitles":["TableCell"],"duration":9,"failureDetails":[],"failureMessages":[],"fullName":"TableCell - should render","invocations":1,"location":null,"numPassingAsserts":1,"retryReasons":[],"status":"passed","title":"- should render"}],"endTime":1675298449082,"message":"","name":"/Volumes/Storage/Development/HyperConstruct/XREngine/packages/ui/src/TableCell/TableCell.test.tsx","startTime":1675298447444,"status":"passed","summary":""},{"assertionResults":[{"ancestorTitles":["List"],"duration":8,"failureDetails":[],"failureMessages":[],"fullName":"List - should render","invocations":1,"location":null,"numPassingAsserts":1,"retryReasons":[],"status":"passed","title":"- should render"}],"endTime":1675298449124,"message":"","name":"/Volumes/Storage/Development/HyperConstruct/XREngine/packages/ui/src/List/List.test.tsx","startTime":1675298447446,"status":"passed","summary":""},{"assertionResults":[{"ancestorTitles":["Box"],"duration":18,"failureDetails":[],"failureMessages":[],"fullName":"Box - should render","invocations":1,"location":null,"numPassingAsserts":1,"retryReasons":[],"status":"passed","title":"- should render"}],"endTime":1675298449129,"message":"","name":"/Volumes/Storage/Development/HyperConstruct/XREngine/packages/ui/src/Box/Box.test.tsx","startTime":1675298447505,"status":"passed","summary":""},{"assertionResults":[{"ancestorTitles":["Button"],"duration":13,"failureDetails":[],"failureMessages":[],"fullName":"Button - should render","invocations":1,"location":null,"numPassingAsserts":1,"retryReasons":[],"status":"passed","title":"- should render"}],"endTime":1675298449207,"message":"","name":"/Volumes/Storage/Development/HyperConstruct/XREngine/packages/ui/src/Button/Button.test.tsx","startTime":1675298447540,"status":"passed","summary":""},{"assertionResults":[{"ancestorTitles":["Container"],"duration":7,"failureDetails":[],"failureMessages":[],"fullName":"Container - should render","invocations":1,"location":null,"numPassingAsserts":1,"retryReasons":[],"status":"passed","title":"- should render"}],"endTime":1675298449281,"message":"","name":"/Volumes/Storage/Development/HyperConstruct/XREngine/packages/ui/src/Container/Container.test.tsx","startTime":1675298447616,"status":"passed","summary":""},{"assertionResults":[{"ancestorTitles":["Tab"],"duration":129,"failureDetails":[],"failureMessages":[],"fullName":"Tab - should render","invocations":1,"location":null,"numPassingAsserts":1,"retryReasons":[],"status":"passed","title":"- should render"}],"endTime":1675298449287,"message":"","name":"/Volumes/Storage/Development/HyperConstruct/XREngine/packages/ui/src/Tab/Tab.test.tsx","startTime":1675298447482,"status":"passed","summary":""},{"assertionResults":[{"ancestorTitles":["Tooltip"],"duration":13,"failureDetails":[],"failureMessages":[],"fullName":"Tooltip - should render","invocations":1,"location":null,"numPassingAsserts":1,"retryReasons":[],"status":"passed","title":"- should render"}],"endTime":1675298450164,"message":"","name":"/Volumes/Storage/Development/HyperConstruct/XREngine/packages/ui/src/Tooltip/Tooltip.test.tsx","startTime":1675298449014,"status":"passed","summary":""},{"assertionResults":[{"ancestorTitles":["InputBase"],"duration":29,"failureDetails":[],"failureMessages":[],"fullName":"InputBase - should render","invocations":1,"location":null,"numPassingAsserts":1,"retryReasons":[],"status":"passed","title":"- should render"}],"endTime":1675298450247,"message":"","name":"/Volumes/Storage/Development/HyperConstruct/XREngine/packages/ui/src/InputBase/InputBase.test.tsx","startTime":1675298449049,"status":"passed","summary":""},{"assertionResults":[{"ancestorTitles":["Typography"],"duration":12,"failureDetails":[],"failureMessages":[],"fullName":"Typography - should render","invocations":1,"location":null,"numPassingAsserts":1,"retryReasons":[],"status":"passed","title":"- should render"}],"endTime":1675298450284,"message":"","name":"/Volumes/Storage/Development/HyperConstruct/XREngine/packages/ui/src/Typography/Typography.test.tsx","startTime":1675298449089,"status":"passed","summary":""},{"assertionResults":[{"ancestorTitles":["DialogContentText"],"duration":12,"failureDetails":[],"failureMessages":[],"fullName":"DialogContentText - should render","invocations":1,"location":null,"numPassingAsserts":1,"retryReasons":[],"status":"passed","title":"- should render"}],"endTime":1675298450308,"message":"","name":"/Volumes/Storage/Development/HyperConstruct/XREngine/packages/ui/src/DialogContentText/DialogContentText.test.tsx","startTime":1675298449135,"status":"passed","summary":""},{"assertionResults":[{"ancestorTitles":["Toolbar"],"duration":16,"failureDetails":[],"failureMessages":[],"fullName":"Toolbar - should render","invocations":1,"location":null,"numPassingAsserts":1,"retryReasons":[],"status":"passed","title":"- should render"}],"endTime":1675298450331,"message":"","name":"/Volumes/Storage/Development/HyperConstruct/XREngine/packages/ui/src/Toolbar/Toolbar.test.tsx","startTime":1675298449135,"status":"passed","summary":""},{"assertionResults":[{"ancestorTitles":["ToggleButton"],"duration":8,"failureDetails":[],"failureMessages":[],"fullName":"ToggleButton - should render","invocations":1,"location":null,"numPassingAsserts":1,"retryReasons":[],"status":"passed","title":"- should render"}],"endTime":1675298450424,"message":"","name":"/Volumes/Storage/Development/HyperConstruct/XREngine/packages/ui/src/ToggleButton/ToggleButton.test.tsx","startTime":1675298449214,"status":"passed","summary":""},{"assertionResults":[{"ancestorTitles":["CardContent"],"duration":16,"failureDetails":[],"failureMessages":[],"fullName":"CardContent - should render","invocations":1,"location":null,"numPassingAsserts":1,"retryReasons":[],"status":"passed","title":"- should render"}],"endTime":1675298450605,"message":"","name":"/Volumes/Storage/Development/HyperConstruct/XREngine/packages/ui/src/CardContent/CardContent.test.tsx","startTime":1675298449284,"status":"passed","summary":""},{"assertionResults":[{"ancestorTitles":["Tabs"],"duration":9,"failureDetails":[],"failureMessages":[],"fullName":"Tabs - should render","invocations":1,"location":null,"numPassingAsserts":1,"retryReasons":[],"status":"passed","title":"- should render"}],"endTime":1675298450674,"message":"","name":"/Volumes/Storage/Development/HyperConstruct/XREngine/packages/ui/src/Tabs/Tabs.test.tsx","startTime":1675298449291,"status":"passed","summary":""},{"assertionResults":[{"ancestorTitles":["Grid"],"duration":8,"failureDetails":[],"failureMessages":[],"fullName":"Grid - should render","invocations":1,"location":null,"numPassingAsserts":1,"retryReasons":[],"status":"passed","title":"- should render"}],"endTime":1675298451442,"message":"","name":"/Volumes/Storage/Development/HyperConstruct/XREngine/packages/ui/src/Grid/Grid.test.tsx","startTime":1675298450172,"status":"passed","summary":""},{"assertionResults":[{"ancestorTitles":["Container"],"duration":22,"failureDetails":[],"failureMessages":[],"fullName":"Container - should render","invocations":1,"location":null,"numPassingAsserts":1,"retryReasons":[],"status":"passed","title":"- should render"}],"endTime":1675298451465,"message":"","name":"/Volumes/Storage/Development/HyperConstruct/XREngine/packages/ui/src/Collapse/Collapse.test.tsx","startTime":1675298450276,"status":"passed","summary":""},{"assertionResults":[{"ancestorTitles":["Box"],"duration":10,"failureDetails":[],"failureMessages":[],"fullName":"Box - should render","invocations":1,"location":null,"numPassingAsserts":1,"retryReasons":[],"status":"passed","title":"- should render"}],"endTime":1675298451488,"message":"","name":"/Volumes/Storage/Development/HyperConstruct/XREngine/packages/ui/src/Card/Card.test.tsx","startTime":1675298450291,"status":"passed","summary":""},{"assertionResults":[{"ancestorTitles":["FormGroup"],"duration":20,"failureDetails":[],"failureMessages":[],"fullName":"FormGroup - should render","invocations":1,"location":null,"numPassingAsserts":1,"retryReasons":[],"status":"passed","title":"- should render"}],"endTime":1675298451515,"message":"","name":"/Volumes/Storage/Development/HyperConstruct/XREngine/packages/ui/src/FormGroup/FormGroup.test.tsx","startTime":1675298450316,"status":"passed","summary":""},{"assertionResults":[{"ancestorTitles":["FormControlLabel"],"duration":15,"failureDetails":[],"failureMessages":[],"fullName":"FormControlLabel - should render","invocations":1,"location":null,"numPassingAsserts":1,"retryReasons":[],"status":"passed","title":"- should render"}],"endTime":1675298451554,"message":"","name":"/Volumes/Storage/Development/HyperConstruct/XREngine/packages/ui/src/FormControlLabel/FormControlLabel.test.tsx","startTime":1675298450397,"status":"passed","summary":""},{"assertionResults":[{"ancestorTitles":["Fade"],"duration":10,"failureDetails":[],"failureMessages":[],"fullName":"Fade - should render","invocations":1,"location":null,"numPassingAsserts":1,"retryReasons":[],"status":"passed","title":"- should render"}],"endTime":1675298451566,"message":"","name":"/Volumes/Storage/Development/HyperConstruct/XREngine/packages/ui/src/Fade/Fade.test.tsx","startTime":1675298450438,"status":"passed","summary":""},{"assertionResults":[{"ancestorTitles":["Accordian"],"duration":8,"failureDetails":[],"failureMessages":[],"fullName":"Accordian - should render","invocations":1,"location":null,"numPassingAsserts":1,"retryReasons":[],"status":"passed","title":"- should render"}],"endTime":1675298451667,"message":"","name":"/Volumes/Storage/Development/HyperConstruct/XREngine/packages/ui/src/Accordion/Accordion.test.tsx","startTime":1675298450619,"status":"passed","summary":""},{"assertionResults":[{"ancestorTitles":["TableRow"],"duration":13,"failureDetails":[],"failureMessages":[],"fullName":"TableRow - should render","invocations":1,"location":null,"numPassingAsserts":1,"retryReasons":[],"status":"passed","title":"- should render"}],"endTime":1675298451727,"message":"","name":"/Volumes/Storage/Development/HyperConstruct/XREngine/packages/ui/src/TableRow/TableRow.test.tsx","startTime":1675298450679,"status":"passed","summary":""},{"assertionResults":[{"ancestorTitles":["Switch"],"duration":7,"failureDetails":[],"failureMessages":[],"fullName":"Switch - should render","invocations":1,"location":null,"numPassingAsserts":1,"retryReasons":[],"status":"passed","title":"- should render"}],"endTime":1675298452587,"message":"","name":"/Volumes/Storage/Development/HyperConstruct/XREngine/packages/ui/src/Switch/Switch.test.tsx","startTime":1675298451451,"status":"passed","summary":""},{"assertionResults":[{"ancestorTitles":["AppBar"],"duration":13,"failureDetails":[],"failureMessages":[],"fullName":"AppBar - should render","invocations":1,"location":null,"numPassingAsserts":1,"retryReasons":[],"status":"passed","title":"- should render"}],"endTime":1675298452616,"message":"","name":"/Volumes/Storage/Development/HyperConstruct/XREngine/packages/ui/src/AppBar/AppBar.test.tsx","startTime":1675298451474,"status":"passed","summary":""},{"assertionResults":[{"ancestorTitles":["InputLabel"],"duration":7,"failureDetails":[],"failureMessages":[],"fullName":"InputLabel - should render","invocations":1,"location":null,"numPassingAsserts":1,"retryReasons":[],"status":"passed","title":"- should render"}],"endTime":1675298452650,"message":"","name":"/Volumes/Storage/Development/HyperConstruct/XREngine/packages/ui/src/InputLabel/InputLabel.test.tsx","startTime":1675298451491,"status":"passed","summary":""},{"assertionResults":[{"ancestorTitles":["MenuItem"],"duration":7,"failureDetails":[],"failureMessages":[],"fullName":"MenuItem - should render","invocations":1,"location":null,"numPassingAsserts":1,"retryReasons":[],"status":"passed","title":"- should render"}],"endTime":1675298452714,"message":"","name":"/Volumes/Storage/Development/HyperConstruct/XREngine/packages/ui/src/MenuItem/MenuItem.test.tsx","startTime":1675298451523,"status":"passed","summary":""},{"assertionResults":[{"ancestorTitles":["AccordianDetails"],"duration":10,"failureDetails":[],"failureMessages":[],"fullName":"AccordianDetails - should render","invocations":1,"location":null,"numPassingAsserts":1,"retryReasons":[],"status":"passed","title":"- should render"}],"endTime":1675298452805,"message":"","name":"/Volumes/Storage/Development/HyperConstruct/XREngine/packages/ui/src/AccordionDetails/AccordionDetails.test.tsx","startTime":1675298451572,"status":"passed","summary":""},{"assertionResults":[{"ancestorTitles":["DialogContent"],"duration":18,"failureDetails":[],"failureMessages":[],"fullName":"DialogContent - should render","invocations":1,"location":null,"numPassingAsserts":1,"retryReasons":[],"status":"passed","title":"- should render"}],"endTime":1675298452808,"message":"","name":"/Volumes/Storage/Development/HyperConstruct/XREngine/packages/ui/src/DialogContent/DialogContent.test.tsx","startTime":1675298451563,"status":"passed","summary":""},{"assertionResults":[{"ancestorTitles":["Table"],"duration":10,"failureDetails":[],"failureMessages":[],"fullName":"Table - should render","invocations":1,"location":null,"numPassingAsserts":1,"retryReasons":[],"status":"passed","title":"- should render"}],"endTime":1675298452984,"message":"","name":"/Volumes/Storage/Development/HyperConstruct/XREngine/packages/ui/src/Table/Table.test.tsx","startTime":1675298451732,"status":"passed","summary":""},{"assertionResults":[{"ancestorTitles":["TablePagination"],"duration":172,"failureDetails":[],"failureMessages":[],"fullName":"TablePagination - should render","invocations":1,"location":null,"numPassingAsserts":1,"retryReasons":[],"status":"passed","title":"- should render"}],"endTime":1675298453052,"message":"","name":"/Volumes/Storage/Development/HyperConstruct/XREngine/packages/ui/src/TablePagination/TablePagination.test.tsx","startTime":1675298451673,"status":"passed","summary":""},{"assertionResults":[{"ancestorTitles":["TableSortLabel"],"duration":7,"failureDetails":[],"failureMessages":[],"fullName":"TableSortLabel - should render","invocations":1,"location":null,"numPassingAsserts":1,"retryReasons":[],"status":"passed","title":"- should render"}],"endTime":1675298453757,"message":"","name":"/Volumes/Storage/Development/HyperConstruct/XREngine/packages/ui/src/TableSortLabel/TableSortLabel.test.tsx","startTime":1675298452601,"status":"passed","summary":""},{"assertionResults":[{"ancestorTitles":["Divider"],"duration":9,"failureDetails":[],"failureMessages":[],"fullName":"Divider - should render","invocations":1,"location":null,"numPassingAsserts":1,"retryReasons":[],"status":"passed","title":"- should render"}],"endTime":1675298453796,"message":"","name":"/Volumes/Storage/Development/HyperConstruct/XREngine/packages/ui/src/Divider/Divider.test.tsx","startTime":1675298452626,"status":"passed","summary":""},{"assertionResults":[{"ancestorTitles":["Slider"],"duration":9,"failureDetails":[],"failureMessages":[],"fullName":"Slider - should render","invocations":1,"location":null,"numPassingAsserts":1,"retryReasons":[],"status":"passed","title":"- should render"}],"endTime":1675298453826,"message":"","name":"/Volumes/Storage/Development/HyperConstruct/XREngine/packages/ui/src/Slider/Slider.test.tsx","startTime":1675298452719,"status":"passed","summary":""},{"assertionResults":[{"ancestorTitles":["FormLabel"],"duration":13,"failureDetails":[],"failureMessages":[],"fullName":"FormLabel - should render","invocations":1,"location":null,"numPassingAsserts":1,"retryReasons":[],"status":"passed","title":"- should render"}],"endTime":1675298453840,"message":"","name":"/Volumes/Storage/Development/HyperConstruct/XREngine/packages/ui/src/FormLabel/FormLabel.test.tsx","startTime":1675298452662,"status":"passed","summary":""},{"assertionResults":[{"ancestorTitles":["CircularProgress"],"duration":11,"failureDetails":[],"failureMessages":[],"fullName":"CircularProgress - should render","invocations":1,"location":null,"numPassingAsserts":1,"retryReasons":[],"status":"passed","title":"- should render"}],"endTime":1675298453889,"message":"","name":"/Volumes/Storage/Development/HyperConstruct/XREngine/packages/ui/src/CircularProgress/CircularProgress.test.tsx","startTime":1675298452827,"status":"passed","summary":""},{"assertionResults":[{"ancestorTitles":["SVgIcon"],"duration":16,"failureDetails":[],"failureMessages":[],"fullName":"SVgIcon - should render","invocations":1,"location":null,"numPassingAsserts":1,"retryReasons":[],"status":"passed","title":"- should render"}],"endTime":1675298453936,"message":"","name":"/Volumes/Storage/Development/HyperConstruct/XREngine/packages/ui/src/SvgIcon/SvgIcon.test.tsx","startTime":1675298452816,"status":"passed","summary":""},{"assertionResults":[{"ancestorTitles":["TableHead"],"duration":8,"failureDetails":[],"failureMessages":[],"fullName":"TableHead - should render","invocations":1,"location":null,"numPassingAsserts":1,"retryReasons":[],"status":"passed","title":"- should render"}],"endTime":1675298454149,"message":"","name":"/Volumes/Storage/Development/HyperConstruct/XREngine/packages/ui/src/TableHead/TableHead.test.tsx","startTime":1675298453059,"status":"passed","summary":""},{"assertionResults":[{"ancestorTitles":["TableContainer"],"duration":7,"failureDetails":[],"failureMessages":[],"fullName":"TableContainer - should render","invocations":1,"location":null,"numPassingAsserts":1,"retryReasons":[],"status":"passed","title":"- should render"}],"endTime":1675298454173,"message":"","name":"/Volumes/Storage/Development/HyperConstruct/XREngine/packages/ui/src/TableContainer/TableContainer.test.tsx","startTime":1675298453006,"status":"passed","summary":""},{"assertionResults":[{"ancestorTitles":["Avatar"],"duration":8,"failureDetails":[],"failureMessages":[],"fullName":"Avatar - should render","invocations":1,"location":null,"numPassingAsserts":1,"retryReasons":[],"status":"passed","title":"- should render"}],"endTime":1675298454886,"message":"","name":"/Volumes/Storage/Development/HyperConstruct/XREngine/packages/ui/src/Avatar/Avatar.test.tsx","startTime":1675298453764,"status":"passed","summary":""},{"assertionResults":[{"ancestorTitles":["Chip"],"duration":12,"failureDetails":[],"failureMessages":[],"fullName":"Chip - should render","invocations":1,"location":null,"numPassingAsserts":1,"retryReasons":[],"status":"passed","title":"- should render"}],"endTime":1675298455041,"message":"","name":"/Volumes/Storage/Development/HyperConstruct/XREngine/packages/ui/src/Chip/Chip.test.tsx","startTime":1675298453805,"status":"passed","summary":""},{"assertionResults":[{"ancestorTitles":["ToggleButtonGroup"],"duration":17,"failureDetails":[],"failureMessages":[],"fullName":"ToggleButtonGroup - should render","invocations":1,"location":null,"numPassingAsserts":1,"retryReasons":[],"status":"passed","title":"- should render"}],"endTime":1675298455052,"message":"","name":"/Volumes/Storage/Development/HyperConstruct/XREngine/packages/ui/src/ToggleButtonGroup/ToggleButtonGroup.test.tsx","startTime":1675298453844,"status":"passed","summary":""},{"assertionResults":[{"ancestorTitles":["Drawer"],"duration":10,"failureDetails":[],"failureMessages":[],"fullName":"Drawer - should render","invocations":1,"location":null,"numPassingAsserts":1,"retryReasons":[],"status":"passed","title":"- should render"}],"endTime":1675298455133,"message":"","name":"/Volumes/Storage/Development/HyperConstruct/XREngine/packages/ui/src/Drawer/Drawer.test.tsx","startTime":1675298453897,"status":"passed","summary":""},{"assertionResults":[{"ancestorTitles":["Radio"],"duration":16,"failureDetails":[],"failureMessages":[],"fullName":"Radio - should render","invocations":1,"location":null,"numPassingAsserts":1,"retryReasons":[],"status":"passed","title":"- should render"}],"endTime":1675298455178,"message":"","name":"/Volumes/Storage/Development/HyperConstruct/XREngine/packages/ui/src/Radio/Radio.test.tsx","startTime":1675298453973,"status":"passed","summary":""},{"assertionResults":[{"ancestorTitles":["InputAdorment"],"duration":141,"failureDetails":[],"failureMessages":[],"fullName":"InputAdorment - should render","invocations":1,"location":null,"numPassingAsserts":1,"retryReasons":[],"status":"passed","title":"- should render"}],"endTime":1675298455186,"message":"","name":"/Volumes/Storage/Development/HyperConstruct/XREngine/packages/ui/src/InputAdornment/InputAdornment.test.tsx","startTime":1675298453836,"status":"passed","summary":""},{"assertionResults":[{"ancestorTitles":["TextField"],"duration":7,"failureDetails":[],"failureMessages":[],"fullName":"TextField - should render","invocations":1,"location":null,"numPassingAsserts":1,"retryReasons":[],"status":"passed","title":"- should render"}],"endTime":1675298455322,"message":"","name":"/Volumes/Storage/Development/HyperConstruct/XREngine/packages/ui/src/TextField/TextField.test.tsx","startTime":1675298454166,"status":"passed","summary":""},{"assertionResults":[{"ancestorTitles":["Badge"],"duration":10,"failureDetails":[],"failureMessages":[],"fullName":"Badge - should render","invocations":1,"location":null,"numPassingAsserts":1,"retryReasons":[],"status":"passed","title":"- should render"}],"endTime":1675298455401,"message":"","name":"/Volumes/Storage/Development/HyperConstruct/XREngine/packages/ui/src/Badge/Badge.test.tsx","startTime":1675298454177,"status":"passed","summary":""},{"assertionResults":[{"ancestorTitles":["Paper"],"duration":7,"failureDetails":[],"failureMessages":[],"fullName":"Paper - should render","invocations":1,"location":null,"numPassingAsserts":1,"retryReasons":[],"status":"passed","title":"- should render"}],"endTime":1675298456037,"message":"","name":"/Volumes/Storage/Development/HyperConstruct/XREngine/packages/ui/src/Paper/Paper.test.tsx","startTime":1675298454900,"status":"passed","summary":""},{"assertionResults":[{"ancestorTitles":["FormControl"],"duration":8,"failureDetails":[],"failureMessages":[],"fullName":"FormControl - should render","invocations":1,"location":null,"numPassingAsserts":1,"retryReasons":[],"status":"passed","title":"- should render"}],"endTime":1675298456107,"message":"","name":"/Volumes/Storage/Development/HyperConstruct/XREngine/packages/ui/src/FormControl/FormControl.test.tsx","startTime":1675298455069,"status":"passed","summary":""},{"assertionResults":[{"ancestorTitles":["OutlinedInput"],"duration":7,"failureDetails":[],"failureMessages":[],"fullName":"OutlinedInput - should render","invocations":1,"location":null,"numPassingAsserts":1,"retryReasons":[],"status":"passed","title":"- should render"}],"endTime":1675298456108,"message":"","name":"/Volumes/Storage/Development/HyperConstruct/XREngine/packages/ui/src/OutlinedInput/OutlinedInput.test.tsx","startTime":1675298455046,"status":"passed","summary":""},{"assertionResults":[{"ancestorTitles":["AccordianSummary"],"duration":8,"failureDetails":[],"failureMessages":[],"fullName":"AccordianSummary - should render","invocations":1,"location":null,"numPassingAsserts":1,"retryReasons":[],"status":"passed","title":"- should render"}],"endTime":1675298456177,"message":"","name":"/Volumes/Storage/Development/HyperConstruct/XREngine/packages/ui/src/AccordionSummary/AccordionSummary.test.tsx","startTime":1675298455137,"status":"passed","summary":""},{"assertionResults":[{"ancestorTitles":["ListItem"],"duration":12,"failureDetails":[],"failureMessages":[],"fullName":"ListItem - should render","invocations":1,"location":null,"numPassingAsserts":1,"retryReasons":[],"status":"passed","title":"- should render"}],"endTime":1675298456201,"message":"","name":"/Volumes/Storage/Development/HyperConstruct/XREngine/packages/ui/src/ListItem/ListItem.test.tsx","startTime":1675298455183,"status":"passed","summary":""},{"assertionResults":[{"ancestorTitles":["DialogTitle"],"duration":7,"failureDetails":[],"failureMessages":[],"fullName":"DialogTitle - should render","invocations":1,"location":null,"numPassingAsserts":1,"retryReasons":[],"status":"passed","title":"- should render"}],"endTime":1675298456238,"message":"","name":"/Volumes/Storage/Development/HyperConstruct/XREngine/packages/ui/src/DialogTitle/DialogTitle.test.tsx","startTime":1675298455200,"status":"passed","summary":""},{"assertionResults":[{"ancestorTitles":["Select"],"duration":8,"failureDetails":[],"failureMessages":[],"fullName":"Select - should render","invocations":1,"location":null,"numPassingAsserts":1,"retryReasons":[],"status":"passed","title":"- should render"}],"endTime":1675298456331,"message":"","name":"/Volumes/Storage/Development/HyperConstruct/XREngine/packages/ui/src/Select/Select.test.tsx","startTime":1675298455334,"status":"passed","summary":""},{"assertionResults":[{"ancestorTitles":["CardActionArea"],"duration":32,"failureDetails":[],"failureMessages":[],"fullName":"CardActionArea - should render","invocations":1,"location":null,"numPassingAsserts":1,"retryReasons":[],"status":"passed","title":"- should render"}],"endTime":1675298456466,"message":"","name":"/Volumes/Storage/Development/HyperConstruct/XREngine/packages/ui/src/CardActionArea/CardActionArea.test.tsx","startTime":1675298455405,"status":"passed","summary":""},{"assertionResults":[{"ancestorTitles":["IconButton"],"duration":9,"failureDetails":[],"failureMessages":[],"fullName":"IconButton - should render","invocations":1,"location":null,"numPassingAsserts":1,"retryReasons":[],"status":"passed","title":"- should render"}],"endTime":1675298456842,"message":"","name":"/Volumes/Storage/Development/HyperConstruct/XREngine/packages/ui/src/IconButton/IconButton.test.tsx","startTime":1675298456181,"status":"passed","summary":""},{"assertionResults":[{"ancestorTitles":["FormHelperText"],"duration":6,"failureDetails":[],"failureMessages":[],"fullName":"FormHelperText - should render","invocations":1,"location":null,"numPassingAsserts":1,"retryReasons":[],"status":"passed","title":"- should render"}],"endTime":1675298456986,"message":"","name":"/Volumes/Storage/Development/HyperConstruct/XREngine/packages/ui/src/FormHelperText/FormHelperText.test.tsx","startTime":1675298456043,"status":"passed","summary":""},{"assertionResults":[{"ancestorTitles":["TableBody"],"duration":6,"failureDetails":[],"failureMessages":[],"fullName":"TableBody - should render","invocations":1,"location":null,"numPassingAsserts":1,"retryReasons":[],"status":"passed","title":"- should render"}],"endTime":1675298457031,"message":"","name":"/Volumes/Storage/Development/HyperConstruct/XREngine/packages/ui/src/TableBody/TableBody.test.tsx","startTime":1675298456113,"status":"passed","summary":""},{"assertionResults":[{"ancestorTitles":["ListItemIcon"],"duration":6,"failureDetails":[],"failureMessages":[],"fullName":"ListItemIcon - should render","invocations":1,"location":null,"numPassingAsserts":1,"retryReasons":[],"status":"passed","title":"- should render"}],"endTime":1675298457062,"message":"","name":"/Volumes/Storage/Development/HyperConstruct/XREngine/packages/ui/src/ListItemIcon/ListItemIcon.test.tsx","startTime":1675298456112,"status":"passed","summary":""}],"wasInterrupted":false}
